{"uuid":"26eb4611-0e77-461b-a7d4-1a2958152771","historyId":"f31afc13a4bfe3180ae87755e06b862f","fullName":"testcases.RFQTest.verifyCreateNewQuoteSuccess","labels":[{"name":"package","value":"testcases.RFQTest"},{"name":"testClass","value":"testcases.RFQTest"},{"name":"testMethod","value":"verifyCreateNewQuoteSuccess"},{"name":"parentSuite","value":"Default Suite"},{"name":"suite","value":"BettaSup_Platform"},{"name":"subSuite","value":"testcases.RFQTest"},{"name":"host","value":"DESKTOP-HMI8EVA"},{"name":"thread","value":"3416@DESKTOP-HMI8EVA.main(1)"},{"name":"framework","value":"testng"},{"name":"language","value":"java"}],"links":[],"name":"\uD83D\uDCE2TC02_Verify Create new quote form Supplier success.","status":"broken","statusDetails":{"known":false,"muted":false,"flaky":false,"message":"element not interactable\n  (Session info: chrome=134.0.6998.89)\nBuild info: version: '4.22.0', revision: 'c5f3146703*'\nSystem info: os.name: 'Windows 10', os.arch: 'amd64', os.version: '10.0', java.version: '17'\nDriver info: org.openqa.selenium.chrome.ChromeDriver\nCommand: [621dbe34562ae8fb007c5aa9bcda5924, clickElement {id=f.3DA6464DF7BAF89F4CBE8DEFA54C80A8.d.9394ACBF96B0A8323F98A41916533CCB.e.7333}]\nCapabilities {acceptInsecureCerts: false, browserName: chrome, browserVersion: 134.0.6998.89, chrome: {chromedriverVersion: 134.0.6998.88 (7e3d5c978c6d..., userDataDir: C:\\Users\\hienpham\\AppData\\L...}, fedcm:accounts: true, goog:chromeOptions: {debuggerAddress: localhost:50167}, networkConnectionEnabled: false, pageLoadStrategy: normal, platformName: windows, proxy: Proxy(), se:cdp: ws://localhost:50167/devtoo..., se:cdpVersion: 134.0.6998.89, setWindowRect: true, strictFileInteractability: false, timeouts: {implicit: 0, pageLoad: 300000, script: 30000}, unhandledPromptBehavior: dismiss and notify, webauthn:extension:credBlob: true, webauthn:extension:largeBlob: true, webauthn:extension:minPinLength: true, webauthn:extension:prf: true, webauthn:virtualAuthenticators: true}\nElement: [[ChromeDriver: chrome on windows (621dbe34562ae8fb007c5aa9bcda5924)] -> xpath: (//table//tbody//tr[2]//td)[1]]\nSession ID: 621dbe34562ae8fb007c5aa9bcda5924","trace":"org.openqa.selenium.ElementNotInteractableException: element not interactable\n  (Session info: chrome=134.0.6998.89)\nBuild info: version: '4.22.0', revision: 'c5f3146703*'\nSystem info: os.name: 'Windows 10', os.arch: 'amd64', os.version: '10.0', java.version: '17'\nDriver info: org.openqa.selenium.chrome.ChromeDriver\nCommand: [621dbe34562ae8fb007c5aa9bcda5924, clickElement {id=f.3DA6464DF7BAF89F4CBE8DEFA54C80A8.d.9394ACBF96B0A8323F98A41916533CCB.e.7333}]\nCapabilities {acceptInsecureCerts: false, browserName: chrome, browserVersion: 134.0.6998.89, chrome: {chromedriverVersion: 134.0.6998.88 (7e3d5c978c6d..., userDataDir: C:\\Users\\hienpham\\AppData\\L...}, fedcm:accounts: true, goog:chromeOptions: {debuggerAddress: localhost:50167}, networkConnectionEnabled: false, pageLoadStrategy: normal, platformName: windows, proxy: Proxy(), se:cdp: ws://localhost:50167/devtoo..., se:cdpVersion: 134.0.6998.89, setWindowRect: true, strictFileInteractability: false, timeouts: {implicit: 0, pageLoad: 300000, script: 30000}, unhandledPromptBehavior: dismiss and notify, webauthn:extension:credBlob: true, webauthn:extension:largeBlob: true, webauthn:extension:minPinLength: true, webauthn:extension:prf: true, webauthn:virtualAuthenticators: true}\nElement: [[ChromeDriver: chrome on windows (621dbe34562ae8fb007c5aa9bcda5924)] -> xpath: (//table//tbody//tr[2]//td)[1]]\nSession ID: 621dbe34562ae8fb007c5aa9bcda5924\r\n\tat java.base/jdk.internal.reflect.NativeConstructorAccessorImpl.newInstance0(Native Method)\r\n\tat java.base/jdk.internal.reflect.NativeConstructorAccessorImpl.newInstance(NativeConstructorAccessorImpl.java:77)\r\n\tat java.base/jdk.internal.reflect.DelegatingConstructorAccessorImpl.newInstance(DelegatingConstructorAccessorImpl.java:45)\r\n\tat java.base/java.lang.reflect.Constructor.newInstanceWithCaller(Constructor.java:499)\r\n\tat java.base/java.lang.reflect.Constructor.newInstance(Constructor.java:480)\r\n\tat org.openqa.selenium.remote.ErrorCodec.decode(ErrorCodec.java:167)\r\n\tat org.openqa.selenium.remote.codec.w3c.W3CHttpResponseCodec.decode(W3CHttpResponseCodec.java:138)\r\n\tat org.openqa.selenium.remote.codec.w3c.W3CHttpResponseCodec.decode(W3CHttpResponseCodec.java:50)\r\n\tat org.openqa.selenium.remote.HttpCommandExecutor.execute(HttpCommandExecutor.java:190)\r\n\tat org.openqa.selenium.remote.service.DriverCommandExecutor.invokeExecute(DriverCommandExecutor.java:216)\r\n\tat org.openqa.selenium.remote.service.DriverCommandExecutor.execute(DriverCommandExecutor.java:174)\r\n\tat org.openqa.selenium.remote.RemoteWebDriver.execute(RemoteWebDriver.java:518)\r\n\tat org.openqa.selenium.remote.RemoteWebElement.execute(RemoteWebElement.java:223)\r\n\tat org.openqa.selenium.remote.RemoteWebElement.click(RemoteWebElement.java:76)\r\n\tat keywords.WebUI.clickElement(WebUI.java:81)\r\n\tat pages.RFQSupPage.verifyAfterCreateQuoteSuccess(RFQSupPage.java:162)\r\n\tat testcases.RFQTest.verifyCreateNewQuoteSuccess(RFQTest.java:51)\r\n\tat java.base/jdk.internal.reflect.NativeMethodAccessorImpl.invoke0(Native Method)\r\n\tat java.base/jdk.internal.reflect.NativeMethodAccessorImpl.invoke(NativeMethodAccessorImpl.java:77)\r\n\tat java.base/jdk.internal.reflect.DelegatingMethodAccessorImpl.invoke(DelegatingMethodAccessorImpl.java:43)\r\n\tat java.base/java.lang.reflect.Method.invoke(Method.java:568)\r\n\tat org.testng.internal.MethodInvocationHelper.invokeMethod(MethodInvocationHelper.java:133)\r\n\tat org.testng.internal.TestInvoker.invokeMethod(TestInvoker.java:598)\r\n\tat org.testng.internal.TestInvoker.invokeTestMethod(TestInvoker.java:173)\r\n\tat org.testng.internal.MethodRunner.runInSequence(MethodRunner.java:46)\r\n\tat org.testng.internal.TestInvoker$MethodInvocationAgent.invoke(TestInvoker.java:824)\r\n\tat org.testng.internal.TestInvoker.invokeTestMethods(TestInvoker.java:146)\r\n\tat org.testng.internal.TestMethodWorker.invokeTestMethods(TestMethodWorker.java:146)\r\n\tat org.testng.internal.TestMethodWorker.run(TestMethodWorker.java:128)\r\n\tat java.base/java.util.ArrayList.forEach(ArrayList.java:1511)\r\n\tat org.testng.TestRunner.privateRun(TestRunner.java:794)\r\n\tat org.testng.TestRunner.run(TestRunner.java:596)\r\n\tat org.testng.SuiteRunner.runTest(SuiteRunner.java:377)\r\n\tat org.testng.SuiteRunner.runSequentially(SuiteRunner.java:371)\r\n\tat org.testng.SuiteRunner.privateRun(SuiteRunner.java:332)\r\n\tat org.testng.SuiteRunner.run(SuiteRunner.java:276)\r\n\tat org.testng.SuiteRunnerWorker.runSuite(SuiteRunnerWorker.java:53)\r\n\tat org.testng.SuiteRunnerWorker.run(SuiteRunnerWorker.java:96)\r\n\tat org.testng.TestNG.runSuitesSequentially(TestNG.java:1212)\r\n\tat org.testng.TestNG.runSuitesLocally(TestNG.java:1134)\r\n\tat org.testng.TestNG.runSuites(TestNG.java:1063)\r\n\tat org.testng.TestNG.run(TestNG.java:1031)\r\n\tat com.intellij.rt.testng.IDEARemoteTestNG.run(IDEARemoteTestNG.java:66)\r\n\tat com.intellij.rt.testng.RemoteTestNGStarter.main(RemoteTestNGStarter.java:109)\r\n"},"stage":"finished","steps":[{"name":"Open URL: https://supplier-git-dev-sky-fulfill.vercel.app/order","status":"passed","stage":"finished","steps":[],"attachments":[],"parameters":[{"name":"url","value":"https://supplier-git-dev-sky-fulfill.vercel.app/order"}],"start":1742314810421,"stop":1742314812241},{"name":"Input text: qctest898+1@gmail.com on element By.id: login_email","status":"passed","stage":"finished","steps":[],"attachments":[],"parameters":[{"name":"by","value":"By.id: login_email"},{"name":"value","value":"qctest898+1@gmail.com"}],"start":1742314812823,"stop":1742314814155},{"name":"Input text: QOeV1VTuj5rO on element By.id: login_password","status":"passed","stage":"finished","steps":[],"attachments":[],"parameters":[{"name":"by","value":"By.id: login_password"},{"name":"value","value":"QOeV1VTuj5rO"}],"start":1742314814155,"stop":1742314814513},{"name":"Click Element: By.xpath: //button[@type='submit']","status":"passed","stage":"finished","steps":[],"attachments":[],"parameters":[{"name":"by","value":"By.xpath: //button[@type='submit']"}],"start":1742314814513,"stop":1742314817698},{"name":"Click Element: By.id: menu-item-rfq","status":"passed","stage":"finished","steps":[],"attachments":[],"parameters":[{"name":"by","value":"By.id: menu-item-rfq"}],"start":1742314817724,"stop":1742314821047},{"name":"GET TEXT OF ELEMENT: By.xpath: //p[normalize-space()='Request For Quotation'] ","status":"passed","stage":"finished","steps":[],"attachments":[],"parameters":[{"name":"by","value":"By.xpath: //p[normalize-space()='Request For Quotation']"}],"start":1742314821582,"stop":1742314822407},{"name":"GET TEXT OF ELEMENT: By.xpath: //p[normalize-space()='Request For Quotation'] ","status":"passed","stage":"finished","steps":[],"attachments":[],"parameters":[{"name":"by","value":"By.xpath: //p[normalize-space()='Request For Quotation']"}],"start":1742314822409,"stop":1742314823008},{"name":"GET TEXT OF ELEMENT: By.xpath: //input[@id='input-search']/following::div[contains(@class,'ant-tabs-nav-list')] ","status":"passed","stage":"finished","steps":[],"attachments":[],"parameters":[{"name":"by","value":"By.xpath: //input[@id='input-search']/following::div[contains(@class,'ant-tabs-nav-list')]"}],"start":1742314823079,"stop":1742314823758},{"name":"GET TEXT OF ELEMENT: By.xpath: (//table/tbody)[2] ","status":"passed","stage":"finished","steps":[],"attachments":[],"parameters":[{"name":"by","value":"By.xpath: (//table/tbody)[2]"}],"start":1742314823843,"stop":1742314824466},{"name":"Click Element: By.xpath: //div[contains(text(),'All')]","status":"passed","stage":"finished","steps":[],"attachments":[],"parameters":[{"name":"by","value":"By.xpath: //div[contains(text(),'All')]"}],"start":1742314824584,"stop":1742314827799},{"name":"Input text: PAVOI 14K Gold Plated X Ring Simulated Diamond CZ Criss Cross Ring for Women on element By.id: input-search","status":"passed","stage":"finished","steps":[],"attachments":[],"parameters":[{"name":"by","value":"By.id: input-search"},{"name":"value","value":"PAVOI 14K Gold Plated X Ring Simulated Diamond CZ Criss Cross Ring for Women"}],"start":1742314828801,"stop":1742314829269},{"name":"Click Element: By.xpath: (//table//tbody//tr[2]//td)[1]","status":"passed","stage":"finished","steps":[],"attachments":[],"parameters":[{"name":"by","value":"By.xpath: (//table//tbody//tr[2]//td)[1]"}],"start":1742314829290,"stop":1742314832454},{"name":"Click Element: By.xpath: //span[normalize-space()='Quote now']","status":"passed","stage":"finished","steps":[],"attachments":[],"parameters":[{"name":"by","value":"By.xpath: //span[normalize-space()='Quote now']"}],"start":1742314834456,"stop":1742314837554},{"name":"GET TEXT OF ELEMENT: By.id: sellerProductName ","status":"passed","stage":"finished","steps":[],"attachments":[],"parameters":[{"name":"by","value":"By.id: sellerProductName"}],"start":1742314838327,"stop":1742314838901},{"name":"Input text: Chang on element By.id: search-product-name","status":"passed","stage":"finished","steps":[],"attachments":[],"parameters":[{"name":"by","value":"By.id: search-product-name"},{"name":"value","value":"Chang"}],"start":1742314839910,"stop":1742314840042},{"name":"Click Element: By.xpath: (//input[@id='search-product-name']/parent::span/following-sibling::div//div)[1]/div[1]","status":"passed","stage":"finished","steps":[],"attachments":[],"parameters":[{"name":"by","value":"By.xpath: (//input[@id='search-product-name']/parent::span/following-sibling::div//div)[1]/div[1]"}],"start":1742314842106,"stop":1742314845277},{"name":"Input text: 2 on element By.xpath: //div[@id='processing-time']//input","status":"passed","stage":"finished","steps":[],"attachments":[],"parameters":[{"name":"by","value":"By.xpath: //div[@id='processing-time']//input"},{"name":"value","value":"2"}],"start":1742314847142,"stop":1742314847291},{"name":"Click Element: By.id: btn-create-quote","status":"passed","stage":"finished","steps":[],"attachments":[],"parameters":[{"name":"by","value":"By.id: btn-create-quote"}],"start":1742314847291,"stop":1742314850463},{"name":"Click Element: By.id: btn-confirm-create-quote","status":"passed","stage":"finished","steps":[],"attachments":[],"parameters":[{"name":"by","value":"By.id: btn-confirm-create-quote"}],"start":1742314852570,"stop":1742314855687},{"name":"Input text: PAVOI 14K Gold Plated X Ring Simulated Diamond CZ Criss Cross Ring for Women on element By.id: input-search","status":"passed","stage":"finished","steps":[],"attachments":[],"parameters":[{"name":"by","value":"By.id: input-search"},{"name":"value","value":"PAVOI 14K Gold Plated X Ring Simulated Diamond CZ Criss Cross Ring for Women"}],"start":1742314855788,"stop":1742314857615},{"name":"Click Element: By.xpath: //div[contains(@id,'tab-quoted')]","status":"passed","stage":"finished","steps":[],"attachments":[],"parameters":[{"name":"by","value":"By.xpath: //div[contains(@id,'tab-quoted')]"}],"start":1742314857615,"stop":1742314860905},{"name":"Click Element: By.xpath: (//table//tbody//tr[2]//td)[1]","status":"broken","statusDetails":{"known":false,"muted":false,"flaky":false,"message":"element not interactable\n  (Session info: chrome=134.0.6998.89)\nBuild info: version: '4.22.0', revision: 'c5f3146703*'\nSystem info: os.name: 'Windows 10', os.arch: 'amd64', os.version: '10.0', java.version: '17'\nDriver info: org.openqa.selenium.chrome.ChromeDriver\nCommand: [621dbe34562ae8fb007c5aa9bcda5924, clickElement {id=f.3DA6464DF7BAF89F4CBE8DEFA54C80A8.d.9394ACBF96B0A8323F98A41916533CCB.e.7333}]\nCapabilities {acceptInsecureCerts: false, browserName: chrome, browserVersion: 134.0.6998.89, chrome: {chromedriverVersion: 134.0.6998.88 (7e3d5c978c6d..., userDataDir: C:\\Users\\hienpham\\AppData\\L...}, fedcm:accounts: true, goog:chromeOptions: {debuggerAddress: localhost:50167}, networkConnectionEnabled: false, pageLoadStrategy: normal, platformName: windows, proxy: Proxy(), se:cdp: ws://localhost:50167/devtoo..., se:cdpVersion: 134.0.6998.89, setWindowRect: true, strictFileInteractability: false, timeouts: {implicit: 0, pageLoad: 300000, script: 30000}, unhandledPromptBehavior: dismiss and notify, webauthn:extension:credBlob: true, webauthn:extension:largeBlob: true, webauthn:extension:minPinLength: true, webauthn:extension:prf: true, webauthn:virtualAuthenticators: true}\nElement: [[ChromeDriver: chrome on windows (621dbe34562ae8fb007c5aa9bcda5924)] -> xpath: (//table//tbody//tr[2]//td)[1]]\nSession ID: 621dbe34562ae8fb007c5aa9bcda5924","trace":"org.openqa.selenium.ElementNotInteractableException: element not interactable\n  (Session info: chrome=134.0.6998.89)\nBuild info: version: '4.22.0', revision: 'c5f3146703*'\nSystem info: os.name: 'Windows 10', os.arch: 'amd64', os.version: '10.0', java.version: '17'\nDriver info: org.openqa.selenium.chrome.ChromeDriver\nCommand: [621dbe34562ae8fb007c5aa9bcda5924, clickElement {id=f.3DA6464DF7BAF89F4CBE8DEFA54C80A8.d.9394ACBF96B0A8323F98A41916533CCB.e.7333}]\nCapabilities {acceptInsecureCerts: false, browserName: chrome, browserVersion: 134.0.6998.89, chrome: {chromedriverVersion: 134.0.6998.88 (7e3d5c978c6d..., userDataDir: C:\\Users\\hienpham\\AppData\\L...}, fedcm:accounts: true, goog:chromeOptions: {debuggerAddress: localhost:50167}, networkConnectionEnabled: false, pageLoadStrategy: normal, platformName: windows, proxy: Proxy(), se:cdp: ws://localhost:50167/devtoo..., se:cdpVersion: 134.0.6998.89, setWindowRect: true, strictFileInteractability: false, timeouts: {implicit: 0, pageLoad: 300000, script: 30000}, unhandledPromptBehavior: dismiss and notify, webauthn:extension:credBlob: true, webauthn:extension:largeBlob: true, webauthn:extension:minPinLength: true, webauthn:extension:prf: true, webauthn:virtualAuthenticators: true}\nElement: [[ChromeDriver: chrome on windows (621dbe34562ae8fb007c5aa9bcda5924)] -> xpath: (//table//tbody//tr[2]//td)[1]]\nSession ID: 621dbe34562ae8fb007c5aa9bcda5924\r\n\tat java.base/jdk.internal.reflect.NativeConstructorAccessorImpl.newInstance0(Native Method)\r\n\tat java.base/jdk.internal.reflect.NativeConstructorAccessorImpl.newInstance(NativeConstructorAccessorImpl.java:77)\r\n\tat java.base/jdk.internal.reflect.DelegatingConstructorAccessorImpl.newInstance(DelegatingConstructorAccessorImpl.java:45)\r\n\tat java.base/java.lang.reflect.Constructor.newInstanceWithCaller(Constructor.java:499)\r\n\tat java.base/java.lang.reflect.Constructor.newInstance(Constructor.java:480)\r\n\tat org.openqa.selenium.remote.ErrorCodec.decode(ErrorCodec.java:167)\r\n\tat org.openqa.selenium.remote.codec.w3c.W3CHttpResponseCodec.decode(W3CHttpResponseCodec.java:138)\r\n\tat org.openqa.selenium.remote.codec.w3c.W3CHttpResponseCodec.decode(W3CHttpResponseCodec.java:50)\r\n\tat org.openqa.selenium.remote.HttpCommandExecutor.execute(HttpCommandExecutor.java:190)\r\n\tat org.openqa.selenium.remote.service.DriverCommandExecutor.invokeExecute(DriverCommandExecutor.java:216)\r\n\tat org.openqa.selenium.remote.service.DriverCommandExecutor.execute(DriverCommandExecutor.java:174)\r\n\tat org.openqa.selenium.remote.RemoteWebDriver.execute(RemoteWebDriver.java:518)\r\n\tat org.openqa.selenium.remote.RemoteWebElement.execute(RemoteWebElement.java:223)\r\n\tat org.openqa.selenium.remote.RemoteWebElement.click(RemoteWebElement.java:76)\r\n\tat keywords.WebUI.clickElement(WebUI.java:81)\r\n\tat pages.RFQSupPage.verifyAfterCreateQuoteSuccess(RFQSupPage.java:162)\r\n\tat testcases.RFQTest.verifyCreateNewQuoteSuccess(RFQTest.java:51)\r\n\tat java.base/jdk.internal.reflect.NativeMethodAccessorImpl.invoke0(Native Method)\r\n\tat java.base/jdk.internal.reflect.NativeMethodAccessorImpl.invoke(NativeMethodAccessorImpl.java:77)\r\n\tat java.base/jdk.internal.reflect.DelegatingMethodAccessorImpl.invoke(DelegatingMethodAccessorImpl.java:43)\r\n\tat java.base/java.lang.reflect.Method.invoke(Method.java:568)\r\n\tat org.testng.internal.MethodInvocationHelper.invokeMethod(MethodInvocationHelper.java:133)\r\n\tat org.testng.internal.TestInvoker.invokeMethod(TestInvoker.java:598)\r\n\tat org.testng.internal.TestInvoker.invokeTestMethod(TestInvoker.java:173)\r\n\tat org.testng.internal.MethodRunner.runInSequence(MethodRunner.java:46)\r\n\tat org.testng.internal.TestInvoker$MethodInvocationAgent.invoke(TestInvoker.java:824)\r\n\tat org.testng.internal.TestInvoker.invokeTestMethods(TestInvoker.java:146)\r\n\tat org.testng.internal.TestMethodWorker.invokeTestMethods(TestMethodWorker.java:146)\r\n\tat org.testng.internal.TestMethodWorker.run(TestMethodWorker.java:128)\r\n\tat java.base/java.util.ArrayList.forEach(ArrayList.java:1511)\r\n\tat org.testng.TestRunner.privateRun(TestRunner.java:794)\r\n\tat org.testng.TestRunner.run(TestRunner.java:596)\r\n\tat org.testng.SuiteRunner.runTest(SuiteRunner.java:377)\r\n\tat org.testng.SuiteRunner.runSequentially(SuiteRunner.java:371)\r\n\tat org.testng.SuiteRunner.privateRun(SuiteRunner.java:332)\r\n\tat org.testng.SuiteRunner.run(SuiteRunner.java:276)\r\n\tat org.testng.SuiteRunnerWorker.runSuite(SuiteRunnerWorker.java:53)\r\n\tat org.testng.SuiteRunnerWorker.run(SuiteRunnerWorker.java:96)\r\n\tat org.testng.TestNG.runSuitesSequentially(TestNG.java:1212)\r\n\tat org.testng.TestNG.runSuitesLocally(TestNG.java:1134)\r\n\tat org.testng.TestNG.runSuites(TestNG.java:1063)\r\n\tat org.testng.TestNG.run(TestNG.java:1031)\r\n\tat com.intellij.rt.testng.IDEARemoteTestNG.run(IDEARemoteTestNG.java:66)\r\n\tat com.intellij.rt.testng.RemoteTestNGStarter.main(RemoteTestNGStarter.java:109)\r\n"},"stage":"finished","steps":[],"attachments":[],"parameters":[{"name":"by","value":"By.xpath: (//table//tbody//tr[2]//td)[1]"}],"start":1742314860905,"stop":1742314863951}],"attachments":[{"name":"Page screenshot","source":"a20a4f9a-8852-4318-ae7b-8112503b6707-attachment","type":"image/png"}],"parameters":[],"start":1742314806895,"stop":1742314864682}